
*** Running xst
    with args -ifn mojo_top_0.xst -ofn mojo_top_0.srp -intstyle ise

PMSPEC -- Overriding Xilinx file
</opt/Xilinx/14.7/ISE_DS/ISE/spartan6/data/spartan6.acd> with local file
</media/psf/Home/Documents/Uni/RCI/Roboy/ubuntu_opt/Xilinx/14.7/ISE_DS/ISE/spart
an6/data/spartan6.acd>
Reading design: mojo_top_0.prj

=========================================================================
*                          HDL Parsing                                  *
=========================================================================
Analyzing Verilog file "/home/parallels/git_repos/ss18_talk_to_two/mojo/hello_world/work/planAhead/hello_world/hello_world.srcs/sources_1/imports/verilog/spi_slave_4.v" into library work
Parsing module <spi_slave_4>.
Analyzing Verilog file "/home/parallels/git_repos/ss18_talk_to_two/mojo/hello_world/work/planAhead/hello_world/hello_world.srcs/sources_1/imports/verilog/serial_tx_6.v" into library work
Parsing module <serial_tx_6>.
INFO:HDLCompiler:693 - "/home/parallels/git_repos/ss18_talk_to_two/mojo/hello_world/work/planAhead/hello_world/hello_world.srcs/sources_1/imports/verilog/serial_tx_6.v" Line 14. parameter declaration becomes local in serial_tx_6 with formal parameter declaration list
Analyzing Verilog file "/home/parallels/git_repos/ss18_talk_to_two/mojo/hello_world/work/planAhead/hello_world/hello_world.srcs/sources_1/imports/verilog/serial_rx_5.v" into library work
Parsing module <serial_rx_5>.
INFO:HDLCompiler:693 - "/home/parallels/git_repos/ss18_talk_to_two/mojo/hello_world/work/planAhead/hello_world/hello_world.srcs/sources_1/imports/verilog/serial_rx_5.v" Line 12. parameter declaration becomes local in serial_rx_5 with formal parameter declaration list
Analyzing Verilog file "/home/parallels/git_repos/ss18_talk_to_two/mojo/hello_world/work/planAhead/hello_world/hello_world.srcs/sources_1/imports/verilog/message_rom_7.v" into library work
Parsing module <message_rom_7>.
Analyzing Verilog file "/home/parallels/git_repos/ss18_talk_to_two/mojo/hello_world/work/planAhead/hello_world/hello_world.srcs/sources_1/imports/verilog/cclk_detector_3.v" into library work
Parsing module <cclk_detector_3>.
INFO:HDLCompiler:693 - "/home/parallels/git_repos/ss18_talk_to_two/mojo/hello_world/work/planAhead/hello_world/hello_world.srcs/sources_1/imports/verilog/cclk_detector_3.v" Line 10. parameter declaration becomes local in cclk_detector_3 with formal parameter declaration list
Analyzing Verilog file "/home/parallels/git_repos/ss18_talk_to_two/mojo/hello_world/work/planAhead/hello_world/hello_world.srcs/sources_1/imports/verilog/message_printer_2.v" into library work
Parsing module <message_printer_2>.
Analyzing Verilog file "/home/parallels/git_repos/ss18_talk_to_two/mojo/hello_world/work/planAhead/hello_world/hello_world.srcs/sources_1/imports/verilog/avr_interface_1.v" into library work
Parsing module <avr_interface_1>.
INFO:HDLCompiler:693 - "/home/parallels/git_repos/ss18_talk_to_two/mojo/hello_world/work/planAhead/hello_world/hello_world.srcs/sources_1/imports/verilog/avr_interface_1.v" Line 80. parameter declaration becomes local in avr_interface_1 with formal parameter declaration list
Analyzing Verilog file "/home/parallels/git_repos/ss18_talk_to_two/mojo/hello_world/work/planAhead/hello_world/hello_world.srcs/sources_1/imports/verilog/mojo_top_0.v" into library work
Parsing module <mojo_top_0>.

=========================================================================
*                            HDL Elaboration                            *
=========================================================================

Elaborating module <mojo_top_0>.

Elaborating module <avr_interface_1>.

Elaborating module <cclk_detector_3(CLK_RATE=50000000)>.

Elaborating module <spi_slave_4>.

Elaborating module <serial_rx_5(CLK_PER_BIT=100)>.

Elaborating module <serial_tx_6(CLK_PER_BIT=100)>.

Elaborating module <message_printer_2>.

Elaborating module <message_rom_7>.

=========================================================================
*                           HDL Synthesis                               *
=========================================================================

Synthesizing Unit <mojo_top_0>.
    Related source file is "/home/parallels/git_repos/ss18_talk_to_two/mojo/hello_world/work/planAhead/hello_world/hello_world.srcs/sources_1/imports/verilog/mojo_top_0.v".
INFO:Xst:3210 - "/home/parallels/git_repos/ss18_talk_to_two/mojo/hello_world/work/planAhead/hello_world/hello_world.srcs/sources_1/imports/verilog/mojo_top_0.v" line 33: Output port <sample> of the instance <avr_interface> is unconnected or connected to loadless signal.
INFO:Xst:3210 - "/home/parallels/git_repos/ss18_talk_to_two/mojo/hello_world/work/planAhead/hello_world/hello_world.srcs/sources_1/imports/verilog/mojo_top_0.v" line 33: Output port <sample_channel> of the instance <avr_interface> is unconnected or connected to loadless signal.
INFO:Xst:3210 - "/home/parallels/git_repos/ss18_talk_to_two/mojo/hello_world/work/planAhead/hello_world/hello_world.srcs/sources_1/imports/verilog/mojo_top_0.v" line 33: Output port <new_sample> of the instance <avr_interface> is unconnected or connected to loadless signal.
    Summary:
	no macro.
Unit <mojo_top_0> synthesized.

Synthesizing Unit <avr_interface_1>.
    Related source file is "/home/parallels/git_repos/ss18_talk_to_two/mojo/hello_world/work/planAhead/hello_world/hello_world.srcs/sources_1/imports/verilog/avr_interface_1.v".
        CLK_RATE = 50000000
        SERIAL_BAUD_RATE = 500000
    Found 10-bit register for signal <sample_q>.
    Found 1-bit register for signal <new_sample_q>.
    Found 4-bit register for signal <block_q>.
    Found 1-bit register for signal <busy_q>.
    Found 4-bit register for signal <sample_channel_q>.
    Found 1-bit register for signal <byte_ct_q>.
    Found 1-bit tristate buffer for signal <spi_channel<3>> created at line 106
    Found 1-bit tristate buffer for signal <spi_channel<2>> created at line 106
    Found 1-bit tristate buffer for signal <spi_channel<1>> created at line 106
    Found 1-bit tristate buffer for signal <spi_channel<0>> created at line 106
    Found 1-bit tristate buffer for signal <spi_miso> created at line 107
    Found 1-bit tristate buffer for signal <tx> created at line 108
    Summary:
	inferred  21 D-type flip-flop(s).
	inferred   1 Multiplexer(s).
	inferred   6 Tristate(s).
Unit <avr_interface_1> synthesized.

Synthesizing Unit <cclk_detector_3>.
    Related source file is "/home/parallels/git_repos/ss18_talk_to_two/mojo/hello_world/work/planAhead/hello_world/hello_world.srcs/sources_1/imports/verilog/cclk_detector_3.v".
        CLK_RATE = 50000000
    Found 1-bit register for signal <ready_q>.
    Found 10-bit register for signal <ctr_q>.
    Found 10-bit adder for signal <ctr_q[9]_GND_3_o_add_2_OUT> created at line 24.
    Summary:
	inferred   1 Adder/Subtractor(s).
	inferred  11 D-type flip-flop(s).
Unit <cclk_detector_3> synthesized.

Synthesizing Unit <spi_slave_4>.
    Related source file is "/home/parallels/git_repos/ss18_talk_to_two/mojo/hello_world/work/planAhead/hello_world/hello_world.srcs/sources_1/imports/verilog/spi_slave_4.v".
    Found 3-bit register for signal <bit_ct_q>.
    Found 8-bit register for signal <dout_q>.
    Found 1-bit register for signal <miso_q>.
    Found 1-bit register for signal <sck_q>.
    Found 1-bit register for signal <mosi_q>.
    Found 1-bit register for signal <ss_q>.
    Found 8-bit register for signal <data_q>.
    Found 1-bit register for signal <sck_old_q>.
    Found 1-bit register for signal <done_q>.
    Found 3-bit adder for signal <bit_ct_q[2]_GND_4_o_add_1_OUT> created at line 45.
    Summary:
	inferred   1 Adder/Subtractor(s).
	inferred  25 D-type flip-flop(s).
	inferred   2 Multiplexer(s).
Unit <spi_slave_4> synthesized.

Synthesizing Unit <serial_rx_5>.
    Related source file is "/home/parallels/git_repos/ss18_talk_to_two/mojo/hello_world/work/planAhead/hello_world/hello_world.srcs/sources_1/imports/verilog/serial_rx_5.v".
        CLK_PER_BIT = 100
    Found 3-bit register for signal <bit_ctr_q>.
    Found 1-bit register for signal <new_data_q>.
    Found 2-bit register for signal <state_q>.
    Found 1-bit register for signal <rx_q>.
    Found 8-bit register for signal <data_q>.
    Found 7-bit register for signal <ctr_q>.
    Found finite state machine <FSM_0> for signal <state_q>.
    -----------------------------------------------------------------------
    | States             | 4                                              |
    | Transitions        | 9                                              |
    | Inputs             | 4                                              |
    | Outputs            | 2                                              |
    | Clock              | clk (rising_edge)                              |
    | Reset              | rst (positive)                                 |
    | Reset type         | synchronous                                    |
    | Reset State        | 00                                             |
    | Power Up State     | 00                                             |
    | Encoding           | auto                                           |
    | Implementation     | LUT                                            |
    -----------------------------------------------------------------------
    Found 7-bit adder for signal <ctr_q[6]_GND_5_o_add_7_OUT> created at line 54.
    Found 3-bit adder for signal <bit_ctr_q[2]_GND_5_o_add_9_OUT> created at line 57.
    Summary:
	inferred   2 Adder/Subtractor(s).
	inferred  20 D-type flip-flop(s).
	inferred   7 Multiplexer(s).
	inferred   1 Finite State Machine(s).
Unit <serial_rx_5> synthesized.

Synthesizing Unit <serial_tx_6>.
    Related source file is "/home/parallels/git_repos/ss18_talk_to_two/mojo/hello_world/work/planAhead/hello_world/hello_world.srcs/sources_1/imports/verilog/serial_tx_6.v".
        CLK_PER_BIT = 100
    Found 1-bit register for signal <tx_q>.
    Found 1-bit register for signal <block_q>.
    Found 8-bit register for signal <data_q>.
    Found 3-bit register for signal <bit_ctr_q>.
    Found 7-bit register for signal <ctr_q>.
    Found 1-bit register for signal <busy_q>.
    Found 2-bit register for signal <state_q>.
    Found finite state machine <FSM_1> for signal <state_q>.
    -----------------------------------------------------------------------
    | States             | 4                                              |
    | Transitions        | 10                                             |
    | Inputs             | 4                                              |
    | Outputs            | 2                                              |
    | Clock              | clk (rising_edge)                              |
    | Reset              | rst (positive)                                 |
    | Reset type         | synchronous                                    |
    | Reset State        | 00                                             |
    | Power Up State     | 00                                             |
    | Encoding           | auto                                           |
    | Implementation     | LUT                                            |
    -----------------------------------------------------------------------
    Found 3-bit adder for signal <bit_ctr_q[2]_GND_6_o_add_13_OUT> created at line 73.
    Found 7-bit adder for signal <ctr_q[6]_GND_6_o_add_19_OUT> created at line 82.
    Found 1-bit 8-to-1 multiplexer for signal <bit_ctr_q[2]_data_q[7]_Mux_10_o> created at line 69.
    Found 7-bit 4-to-1 multiplexer for signal <ctr_d> created at line 41.
    Summary:
	inferred   2 Adder/Subtractor(s).
	inferred  21 D-type flip-flop(s).
	inferred   6 Multiplexer(s).
	inferred   1 Finite State Machine(s).
Unit <serial_tx_6> synthesized.

Synthesizing Unit <message_printer_2>.
    Related source file is "/home/parallels/git_repos/ss18_talk_to_two/mojo/hello_world/work/planAhead/hello_world/hello_world.srcs/sources_1/imports/verilog/message_printer_2.v".
    Found 4-bit register for signal <addr_q>.
    Found 2-bit register for signal <state_q>.
    Found finite state machine <FSM_2> for signal <state_q>.
    -----------------------------------------------------------------------
    | States             | 3                                              |
    | Transitions        | 10                                             |
    | Inputs             | 7                                              |
    | Outputs            | 2                                              |
    | Clock              | clk (rising_edge)                              |
    | Reset              | rst (positive)                                 |
    | Reset type         | synchronous                                    |
    | Reset State        | 00                                             |
    | Encoding           | auto                                           |
    | Implementation     | LUT                                            |
    -----------------------------------------------------------------------
    Found 4-bit adder for signal <addr_q[3]_GND_13_o_add_15_OUT> created at line 68.
    Summary:
	inferred   1 Adder/Subtractor(s).
	inferred   4 D-type flip-flop(s).
	inferred   2 Multiplexer(s).
	inferred   1 Finite State Machine(s).
Unit <message_printer_2> synthesized.

Synthesizing Unit <message_rom_7>.
    Related source file is "/home/parallels/git_repos/ss18_talk_to_two/mojo/hello_world/work/planAhead/hello_world/hello_world.srcs/sources_1/imports/verilog/message_rom_7.v".
    Found 8-bit register for signal <data_q>.
    Found 16x8-bit Read Only RAM for signal <data_d>
    Summary:
	inferred   1 RAM(s).
	inferred   8 D-type flip-flop(s).
Unit <message_rom_7> synthesized.

=========================================================================
HDL Synthesis Report

Macro Statistics
# RAMs                                                 : 1
 16x8-bit single-port Read Only RAM                    : 1
# Adders/Subtractors                                   : 7
 10-bit adder                                          : 1
 3-bit adder                                           : 3
 4-bit adder                                           : 1
 7-bit adder                                           : 2
# Registers                                            : 30
 1-bit register                                        : 15
 10-bit register                                       : 2
 3-bit register                                        : 3
 4-bit register                                        : 3
 7-bit register                                        : 2
 8-bit register                                        : 5
# Multiplexers                                         : 18
 1-bit 2-to-1 multiplexer                              : 5
 1-bit 8-to-1 multiplexer                              : 1
 10-bit 2-to-1 multiplexer                             : 1
 3-bit 2-to-1 multiplexer                              : 2
 4-bit 2-to-1 multiplexer                              : 1
 7-bit 2-to-1 multiplexer                              : 6
 7-bit 4-to-1 multiplexer                              : 1
 8-bit 2-to-1 multiplexer                              : 1
# Tristates                                            : 6
 1-bit tristate buffer                                 : 6
# FSMs                                                 : 3
# Xors                                                 : 1
 1-bit xor2                                            : 1

=========================================================================

=========================================================================
*                       Advanced HDL Synthesis                          *
=========================================================================


Synthesizing (advanced) Unit <cclk_detector_3>.
The following registers are absorbed into counter <ctr_q>: 1 register on signal <ctr_q>.
Unit <cclk_detector_3> synthesized (advanced).

Synthesizing (advanced) Unit <message_printer_2>.
The following registers are absorbed into counter <addr_q>: 1 register on signal <addr_q>.
Unit <message_printer_2> synthesized (advanced).

Synthesizing (advanced) Unit <message_rom_7>.
INFO:Xst:3231 - The small RAM <Mram_data_d> will be implemented on LUTs in order to maximize performance and save block RAM resources. If you want to force its implementation on block, use option/constraint ram_style.
    -----------------------------------------------------------------------
    | ram_type           | Distributed                         |          |
    -----------------------------------------------------------------------
    | Port A                                                              |
    |     aspect ratio   | 16-word x 8-bit                     |          |
    |     weA            | connected to signal <GND>           | high     |
    |     addrA          | connected to signal <addr>          |          |
    |     diA            | connected to signal <GND>           |          |
    |     doA            | connected to signal <data_d>        |          |
    -----------------------------------------------------------------------
Unit <message_rom_7> synthesized (advanced).

Synthesizing (advanced) Unit <serial_rx_5>.
The following registers are absorbed into counter <bit_ctr_q>: 1 register on signal <bit_ctr_q>.
Unit <serial_rx_5> synthesized (advanced).

Synthesizing (advanced) Unit <serial_tx_6>.
The following registers are absorbed into counter <bit_ctr_q>: 1 register on signal <bit_ctr_q>.
Unit <serial_tx_6> synthesized (advanced).

Synthesizing (advanced) Unit <spi_slave_4>.
The following registers are absorbed into counter <bit_ct_q>: 1 register on signal <bit_ct_q>.
Unit <spi_slave_4> synthesized (advanced).

=========================================================================
Advanced HDL Synthesis Report

Macro Statistics
# RAMs                                                 : 1
 16x8-bit single-port distributed Read Only RAM        : 1
# Adders/Subtractors                                   : 2
 7-bit adder                                           : 2
# Counters                                             : 5
 10-bit up counter                                     : 1
 3-bit up counter                                      : 3
 4-bit up counter                                      : 1
# Registers                                            : 87
 Flip-Flops                                            : 87
# Multiplexers                                         : 15
 1-bit 2-to-1 multiplexer                              : 5
 1-bit 8-to-1 multiplexer                              : 1
 10-bit 2-to-1 multiplexer                             : 1
 7-bit 2-to-1 multiplexer                              : 6
 7-bit 4-to-1 multiplexer                              : 1
 8-bit 2-to-1 multiplexer                              : 1
# FSMs                                                 : 3
# Xors                                                 : 1
 1-bit xor2                                            : 1

=========================================================================

=========================================================================
*                         Low Level Synthesis                           *
=========================================================================
Analyzing FSM <MFsm> for best encoding.
Optimizing FSM <avr_interface/serial_tx/FSM_1> on signal <state_q[1:2]> with gray encoding.
-------------------
 State | Encoding
-------------------
 00    | 00
 01    | 01
 10    | 11
 11    | 10
-------------------
Analyzing FSM <MFsm> for best encoding.
Optimizing FSM <avr_interface/serial_rx/FSM_0> on signal <state_q[1:2]> with gray encoding.
-------------------
 State | Encoding
-------------------
 00    | 00
 01    | 01
 10    | 11
 11    | 10
-------------------
Analyzing FSM <MFsm> for best encoding.
Optimizing FSM <helloWorldPrinter/FSM_2> on signal <state_q[1:2]> with sequential encoding.
-------------------
 State | Encoding
-------------------
 00    | 00
 10    | 01
 11    | 10
-------------------
WARNING:Xst:1710 - FF/Latch <data_q_7> (without init value) has a constant value of 0 in block <message_rom_7>. This FF/Latch will be trimmed during the optimization process.
WARNING:Xst:2677 - Node <avr_interface/sample_q_9> of sequential type is unconnected in block <mojo_top_0>.
WARNING:Xst:2677 - Node <avr_interface/sample_q_8> of sequential type is unconnected in block <mojo_top_0>.
WARNING:Xst:2677 - Node <avr_interface/sample_q_7> of sequential type is unconnected in block <mojo_top_0>.
WARNING:Xst:2677 - Node <avr_interface/sample_q_6> of sequential type is unconnected in block <mojo_top_0>.
WARNING:Xst:2677 - Node <avr_interface/sample_q_5> of sequential type is unconnected in block <mojo_top_0>.
WARNING:Xst:2677 - Node <avr_interface/sample_q_4> of sequential type is unconnected in block <mojo_top_0>.
WARNING:Xst:2677 - Node <avr_interface/sample_q_3> of sequential type is unconnected in block <mojo_top_0>.
WARNING:Xst:2677 - Node <avr_interface/sample_q_2> of sequential type is unconnected in block <mojo_top_0>.
WARNING:Xst:2677 - Node <avr_interface/sample_q_1> of sequential type is unconnected in block <mojo_top_0>.
WARNING:Xst:2677 - Node <avr_interface/sample_q_0> of sequential type is unconnected in block <mojo_top_0>.
WARNING:Xst:2677 - Node <avr_interface/new_sample_q> of sequential type is unconnected in block <mojo_top_0>.
WARNING:Xst:2677 - Node <avr_interface/byte_ct_q> of sequential type is unconnected in block <mojo_top_0>.
WARNING:Xst:2677 - Node <avr_interface/sample_channel_q_3> of sequential type is unconnected in block <mojo_top_0>.
WARNING:Xst:2677 - Node <avr_interface/sample_channel_q_2> of sequential type is unconnected in block <mojo_top_0>.
WARNING:Xst:2677 - Node <avr_interface/sample_channel_q_1> of sequential type is unconnected in block <mojo_top_0>.
WARNING:Xst:2677 - Node <avr_interface/sample_channel_q_0> of sequential type is unconnected in block <mojo_top_0>.

Optimizing unit <mojo_top_0> ...

Optimizing unit <serial_tx_6> ...

Optimizing unit <spi_slave_4> ...

Optimizing unit <serial_rx_5> ...

Optimizing unit <message_printer_2> ...

Optimizing unit <message_rom_7> ...
WARNING:Xst:1710 - FF/Latch <avr_interface/serial_tx/data_q_7> (without init value) has a constant value of 0 in block <mojo_top_0>. This FF/Latch will be trimmed during the optimization process.
WARNING:Xst:2677 - Node <avr_interface/spi_slave/dout_q_7> of sequential type is unconnected in block <mojo_top_0>.
WARNING:Xst:2677 - Node <avr_interface/spi_slave/dout_q_6> of sequential type is unconnected in block <mojo_top_0>.
WARNING:Xst:2677 - Node <avr_interface/spi_slave/dout_q_5> of sequential type is unconnected in block <mojo_top_0>.
WARNING:Xst:2677 - Node <avr_interface/spi_slave/dout_q_4> of sequential type is unconnected in block <mojo_top_0>.
WARNING:Xst:2677 - Node <avr_interface/spi_slave/dout_q_3> of sequential type is unconnected in block <mojo_top_0>.
WARNING:Xst:2677 - Node <avr_interface/spi_slave/dout_q_2> of sequential type is unconnected in block <mojo_top_0>.
WARNING:Xst:2677 - Node <avr_interface/spi_slave/dout_q_1> of sequential type is unconnected in block <mojo_top_0>.
WARNING:Xst:2677 - Node <avr_interface/spi_slave/dout_q_0> of sequential type is unconnected in block <mojo_top_0>.
WARNING:Xst:2677 - Node <avr_interface/spi_slave/done_q> of sequential type is unconnected in block <mojo_top_0>.

Mapping all equations...
Building and optimizing final netlist ...
Found area constraint ratio of 100 (+ 0) on block mojo_top_0, actual ratio is 2.

Final Macro Processing ...

Processing Unit <mojo_top_0> :
	Found 3-bit shift register for signal <avr_interface/block_q_2>.
Unit <mojo_top_0> processed.

=========================================================================
Final Register Report

Macro Statistics
# Registers                                            : 86
 Flip-Flops                                            : 86
# Shift Registers                                      : 1
 3-bit shift register                                  : 1

=========================================================================

=========================================================================
*                           Partition Report                            *
=========================================================================

Partition Implementation Status
-------------------------------

  No Partitions were found in this design.

-------------------------------

=========================================================================
*                            Design Summary                             *
=========================================================================

Clock Information:
------------------
-----------------------------------+------------------------+-------+
Clock Signal                       | Clock buffer(FF name)  | Load  |
-----------------------------------+------------------------+-------+
clk                                | BUFGP                  | 88    |
-----------------------------------+------------------------+-------+

Asynchronous Control Signals Information:
----------------------------------------
No asynchronous control signals found in this design

Timing Summary:
---------------
Speed Grade: -2

   Minimum period: 4.558ns (Maximum Frequency: 219.394MHz)
   Minimum input arrival time before clock: 3.918ns
   Maximum output required time after clock: 5.790ns
   Maximum combinational path delay: 6.005ns

=========================================================================
